# JRE version: OpenJDK Runtime Environment (8.0_152-b01) (build 1.8.0_152-release-915-b01)
# Java VM: OpenJDK 64-Bit Server VM (25.152-b01 mixed mode windows-amd64 compressed oops)
Heap:
 PSYoungGen      total 153600K, used 9530K [0x00000000e0000000, 0x00000000eb880000, 0x0000000100000000)
  eden space 131584K, 7% used [0x00000000e0000000,0x00000000e094e818,0x00000000e8080000)
  from space 22016K, 0% used [0x00000000e9a00000,0x00000000e9a00000,0x00000000eaf80000)
  to   space 26112K, 0% used [0x00000000e8080000,0x00000000e8080000,0x00000000e9a00000)
 ParOldGen       total 165888K, used 46962K [0x00000000a0000000, 0x00000000aa200000, 0x00000000e0000000)
  object space 165888K, 28% used [0x00000000a0000000,0x00000000a2ddcad8,0x00000000aa200000)
 Metaspace       used 57783K, capacity 60162K, committed 60504K, reserved 1101824K
  class space    used 7839K, capacity 8467K, committed 8576K, reserved 1048576K
GC Heap History (10 events):
Event: 63.964 GC heap before
{Heap before GC invocations=13 (full 2):
 PSYoungGen      total 95232K, used 91837K [0x00000000e0000000, 0x00000000e6a80000, 0x0000000100000000)
  eden space 85504K, 100% used [0x00000000e0000000,0x00000000e5380000,0x00000000e5380000)
  from space 9728K, 65% used [0x00000000e6100000,0x00000000e672f470,0x00000000e6a80000)
  to   space 11776K, 0% used [0x00000000e5380000,0x00000000e5380000,0x00000000e5f00000)
 ParOldGen       total 101376K, used 16216K [0x00000000a0000000, 0x00000000a6300000, 0x00000000e0000000)
  object space 101376K, 15% used [0x00000000a0000000,0x00000000a0fd63d0,0x00000000a6300000)
 Metaspace       used 46969K, capacity 48080K, committed 48216K, reserved 1091584K
  class space    used 6304K, capacity 6706K, committed 6784K, reserved 1048576K
Event: 63.982 GC heap after
Heap after GC invocations=13 (full 2):
 PSYoungGen      total 97280K, used 11766K [0x00000000e0000000, 0x00000000e8100000, 0x0000000100000000)
  eden space 85504K, 0% used [0x00000000e0000000,0x00000000e0000000,0x00000000e5380000)
  from space 11776K, 99% used [0x00000000e5380000,0x00000000e5efdb78,0x00000000e5f00000)
  to   space 13312K, 0% used [0x00000000e7400000,0x00000000e7400000,0x00000000e8100000)
 ParOldGen       total 101376K, used 16734K [0x00000000a0000000, 0x00000000a6300000, 0x00000000e0000000)
  object space 101376K, 16% used [0x00000000a0000000,0x00000000a1057b60,0x00000000a6300000)
 Metaspace       used 46969K, capacity 48080K, committed 48216K, reserved 1091584K
  class space    used 6304K, capacity 6706K, committed 6784K, reserved 1048576K
}
Event: 68.457 GC heap before
{Heap before GC invocations=14 (full 2):
 PSYoungGen      total 97280K, used 97270K [0x00000000e0000000, 0x00000000e8100000, 0x0000000100000000)
  eden space 85504K, 100% used [0x00000000e0000000,0x00000000e5380000,0x00000000e5380000)
  from space 11776K, 99% used [0x00000000e5380000,0x00000000e5efdb78,0x00000000e5f00000)
  to   space 13312K, 0% used [0x00000000e7400000,0x00000000e7400000,0x00000000e8100000)
 ParOldGen       total 101376K, used 16734K [0x00000000a0000000, 0x00000000a6300000, 0x00000000e0000000)
  object space 101376K, 16% used [0x00000000a0000000,0x00000000a1057b60,0x00000000a6300000)
 Metaspace       used 52218K, capacity 53948K, committed 54232K, reserved 1095680K
  class space    used 7088K, capacity 7565K, committed 7680K, reserved 1048576K
Event: 68.492 GC heap after
Heap after GC invocations=14 (full 2):
 PSYoungGen      total 115712K, used 13293K [0x00000000e0000000, 0x00000000e8800000, 0x0000000100000000)
  eden space 102400K, 0% used [0x00000000e0000000,0x00000000e0000000,0x00000000e6400000)
  from space 13312K, 99% used [0x00000000e7400000,0x00000000e80fb4f0,0x00000000e8100000)
  to   space 16384K, 0% used [0x00000000e6400000,0x00000000e6400000,0x00000000e7400000)
 ParOldGen       total 101376K, used 20685K [0x00000000a0000000, 0x00000000a6300000, 0x00000000e0000000)
  object space 101376K, 20% used [0x00000000a0000000,0x00000000a1433440,0x00000000a6300000)
 Metaspace       used 52218K, capacity 53948K, committed 54232K, reserved 1095680K
  class space    used 7088K, capacity 7565K, committed 7680K, reserved 1048576K
}
Event: 70.876 GC heap before
{Heap before GC invocations=15 (full 2):
 PSYoungGen      total 115712K, used 115693K [0x00000000e0000000, 0x00000000e8800000, 0x0000000100000000)
  eden space 102400K, 100% used [0x00000000e0000000,0x00000000e6400000,0x00000000e6400000)
  from space 13312K, 99% used [0x00000000e7400000,0x00000000e80fb4f0,0x00000000e8100000)
  to   space 16384K, 0% used [0x00000000e6400000,0x00000000e6400000,0x00000000e7400000)
 ParOldGen       total 101376K, used 20685K [0x00000000a0000000, 0x00000000a6300000, 0x00000000e0000000)
  object space 101376K, 20% used [0x00000000a0000000,0x00000000a1433440,0x00000000a6300000)
 Metaspace       used 54376K, capacity 56410K, committed 56664K, reserved 1097728K
  class space    used 7443K, capacity 7969K, committed 8064K, reserved 1048576K
Event: 70.931 GC heap after
Heap after GC invocations=15 (full 2):
 PSYoungGen      total 118784K, used 16381K [0x00000000e0000000, 0x00000000eaf80000, 0x0000000100000000)
  eden space 102400K, 0% used [0x00000000e0000000,0x00000000e0000000,0x00000000e6400000)
  from space 16384K, 99% used [0x00000000e6400000,0x00000000e73ff4e0,0x00000000e7400000)
  to   space 22016K, 0% used [0x00000000e9a00000,0x00000000e9a00000,0x00000000eaf80000)
 ParOldGen       total 101376K, used 29930K [0x00000000a0000000, 0x00000000a6300000, 0x00000000e0000000)
  object space 101376K, 29% used [0x00000000a0000000,0x00000000a1d3a978,0x00000000a6300000)
 Metaspace       used 54376K, capacity 56410K, committed 56664K, reserved 1097728K
  class space    used 7443K, capacity 7969K, committed 8064K, reserved 1048576K
}
Event: 76.428 GC heap before
{Heap before GC invocations=16 (full 2):
 PSYoungGen      total 118784K, used 94848K [0x00000000e0000000, 0x00000000eaf80000, 0x0000000100000000)
  eden space 102400K, 76% used [0x00000000e0000000,0x00000000e4ca0bf0,0x00000000e6400000)
  from space 16384K, 99% used [0x00000000e6400000,0x00000000e73ff4e0,0x00000000e7400000)
  to   space 22016K, 0% used [0x00000000e9a00000,0x00000000e9a00000,0x00000000eaf80000)
 ParOldGen       total 101376K, used 29930K [0x00000000a0000000, 0x00000000a6300000, 0x00000000e0000000)
  object space 101376K, 29% used [0x00000000a0000000,0x00000000a1d3a978,0x00000000a6300000)
 Metaspace       used 56585K, capacity 58908K, committed 58968K, reserved 1099776K
  class space    used 7720K, capacity 8304K, committed 8320K, reserved 1048576K
Event: 76.500 GC heap after
Heap after GC invocations=16 (full 2):
 PSYoungGen      total 153600K, used 21996K [0x00000000e0000000, 0x00000000eb880000, 0x0000000100000000)
  eden space 131584K, 0% used [0x00000000e0000000,0x00000000e0000000,0x00000000e8080000)
  from space 22016K, 99% used [0x00000000e9a00000,0x00000000eaf7b1e8,0x00000000eaf80000)
  to   space 26112K, 0% used [0x00000000e8080000,0x00000000e8080000,0x00000000e9a00000)
 ParOldGen       total 101376K, used 32807K [0x00000000a0000000, 0x00000000a6300000, 0x00000000e0000000)
  object space 101376K, 32% used [0x00000000a0000000,0x00000000a2009d80,0x00000000a6300000)
 Metaspace       used 56585K, capacity 58908K, committed 58968K, reserved 1099776K
  class space    used 7720K, capacity 8304K, committed 8320K, reserved 1048576K
}
Event: 76.500 GC heap before
{Heap before GC invocations=17 (full 3):
 PSYoungGen      total 153600K, used 21996K [0x00000000e0000000, 0x00000000eb880000, 0x0000000100000000)
  eden space 131584K, 0% used [0x00000000e0000000,0x00000000e0000000,0x00000000e8080000)
  from space 22016K, 99% used [0x00000000e9a00000,0x00000000eaf7b1e8,0x00000000eaf80000)
  to   space 26112K, 0% used [0x00000000e8080000,0x00000000e8080000,0x00000000e9a00000)
 ParOldGen       total 101376K, used 32807K [0x00000000a0000000, 0x00000000a6300000, 0x00000000e0000000)
  object space 101376K, 32% used [0x00000000a0000000,0x00000000a2009d80,0x00000000a6300000)
 Metaspace       used 56585K, capacity 58908K, committed 58968K, reserved 1099776K
  class space    used 7720K, capacity 8304K, committed 8320K, reserved 1048576K
Event: 77.248 GC heap after
Heap after GC invocations=17 (full 3):
 PSYoungGen      total 153600K, used 0K [0x00000000e0000000, 0x00000000eb880000, 0x0000000100000000)
  eden space 131584K, 0% used [0x00000000e0000000,0x00000000e0000000,0x00000000e8080000)
  from space 22016K, 0% used [0x00000000e9a00000,0x00000000e9a00000,0x00000000eaf80000)
  to   space 26112K, 0% used [0x00000000e8080000,0x00000000e8080000,0x00000000e9a00000)
 ParOldGen       total 165888K, used 46962K [0x00000000a0000000, 0x00000000aa200000, 0x00000000e0000000)
  object space 165888K, 28% used [0x00000000a0000000,0x00000000a2ddcad8,0x00000000aa200000)
 Metaspace       used 56585K, capacity 58908K, committed 58968K, reserved 1099776K
  class space    used 7720K, capacity 8304K, committed 8320K, reserved 1048576K
}

